<?xml version="1.0" encoding="UTF-8"?>
<testng-results ignored="0" total="1" passed="1" failed="0" skipped="0">
  <reporter-output>
  </reporter-output>
  <suite started-at="2018-11-08T20:52:47Z" name="Default suite" finished-at="2018-11-08T20:52:47Z" duration-ms="604">
    <groups>
    </groups>
    <test started-at="2018-11-08T20:52:47Z" name="Default test" finished-at="2018-11-08T20:52:47Z" duration-ms="604">
      <class name="myconnection.testConnection">
        <test-method signature="f()[pri:0, instance:myconnection.testConnection@24313fcc]" started-at="2018-11-08T20:52:47Z" name="f" finished-at="2018-11-08T20:52:47Z" duration-ms="561" status="PASS">
          <reporter-output>
          </reporter-output>
        </test-method> <!-- f -->
      </class> <!-- myconnection.testConnection -->
    </test> <!-- Default test -->
  </suite> <!-- Default suite -->
</testng-results>
